-------------------------------------------------------------------------------
Test set: TestSuite
-------------------------------------------------------------------------------
Tests run: 1, Failures: 1, Errors: 0, Skipped: 0, Time elapsed: 83.556 sec <<< FAILURE! - in TestSuite
signUp(Test.JoinUsTest)  Time elapsed: 56.8 sec  <<< FAILURE!
java.lang.AssertionError: expected [Show] but found [Home]
	at Test.JoinUsTest.signUp(JoinUsTest.java:31)

