<?xml version="1.0" encoding="UTF-8"?>
<!-- Generated by org.testng.reporters.JUnitXMLReporter -->
<testsuite hostname="LAPTOP-GDVJRS9M" ignored="0" name="Sign Up" tests="1" failures="1" timestamp="10 May 2017 10:26:25 GMT" time="83.07" errors="0">
  <testcase name="signUp" time="56.794" classname="Test.JoinUsTest">
    <failure type="java.lang.AssertionError" message="expected [Show] but found [Home]">
      <![CDATA[java.lang.AssertionError: expected [Show] but found [Home]
	at PageFactory.ResponsiveMenu.assertPageTitle(ResponsiveMenu.java:75)
	at PageFactory.ResponsiveMenu.confirmRegistrationIsSuccessful(ResponsiveMenu.java:82)
	at Test.JoinUsTest.signUp(JoinUsTest.java:31)
... Removed 34 stack frames]]>
    </failure>
  </testcase> <!-- signUp -->
</testsuite> <!-- Sign Up -->
