<?xml version="1.0" encoding="UTF-8"?>
<testng-results skipped="0" failed="0" ignored="0" total="1" passed="1">
  <reporter-output>
  </reporter-output>
  <suite name="Default suite" duration-ms="82849" started-at="2017-05-10T10:01:07Z" finished-at="2017-05-10T10:02:30Z">
    <groups>
    </groups>
    <test name="Default test" duration-ms="82849" started-at="2017-05-10T10:01:07Z" finished-at="2017-05-10T10:02:30Z">
      <class name="Test.JoinUsTest">
        <test-method status="PASS" signature="startingReport()[pri:0, instance:Test.JoinUsTest@1a968a59]" name="startingReport" is-config="true" duration-ms="193" started-at="2017-05-10T11:01:07Z" finished-at="2017-05-10T11:01:07Z">
          <reporter-output>
          </reporter-output>
        </test-method> <!-- startingReport -->
        <test-method status="PASS" signature="browser()[pri:0, instance:Test.JoinUsTest@1a968a59]" name="browser" is-config="true" duration-ms="17598" started-at="2017-05-10T11:01:07Z" finished-at="2017-05-10T11:01:25Z">
          <reporter-output>
          </reporter-output>
        </test-method> <!-- browser -->
        <test-method status="PASS" signature="a()[pri:0, instance:Test.JoinUsTest@1a968a59]" name="a" duration-ms="59904" started-at="2017-05-10T11:01:25Z" finished-at="2017-05-10T11:02:25Z">
          <reporter-output>
          </reporter-output>
        </test-method> <!-- a -->
        <test-method status="PASS" signature="tearDown(org.testng.ITestResult)[pri:0, instance:Test.JoinUsTest@1a968a59]" name="tearDown" is-config="true" duration-ms="4932" started-at="2017-05-10T11:02:25Z" finished-at="2017-05-10T11:02:30Z">
          <params>
            <param index="0">
              <value>
                <![CDATA[[TestResult name=a status=SUCCESS method=JoinUsTest.a()[pri:0, instance:Test.JoinUsTest@1a968a59] output={null}]]]>
              </value>
            </param>
          </params>
          <reporter-output>
          </reporter-output>
        </test-method> <!-- tearDown -->
        <test-method status="PASS" signature="endingReport()[pri:0, instance:Test.JoinUsTest@1a968a59]" name="endingReport" is-config="true" duration-ms="210" started-at="2017-05-10T11:02:30Z" finished-at="2017-05-10T11:02:30Z">
          <reporter-output>
          </reporter-output>
        </test-method> <!-- endingReport -->
      </class> <!-- Test.JoinUsTest -->
    </test> <!-- Default test -->
  </suite> <!-- Default suite -->
</testng-results>
